<?xml version="1.0" encoding="UTF-8"?>
<robot generator="Robot 7.3.2 (Python 3.12.1 on linux)" generated="2025-10-31T09:44:26.803624" rpa="false" schemaversion="5">
<suite id="s1" name="Put User Test" source="/workspaces/Assessment_Decentro/api-automation-tests/tests/put_user_test.robot">
<test id="s1-t1" name="Update Existing User" line="6">
<kw name="Initialize Reqres Session" owner="keywords">
<kw name="Create Session" owner="RequestsLibrary">
<msg time="2025-10-31T09:44:26.885082" level="INFO">Creating Session using : alias=reqres, url=https://reqres.in/api, headers={},                     cookies={}, auth=None, timeout=None, proxies=None, verify=False,                     debug=0 </msg>
<arg>reqres</arg>
<arg>${BASE_URL}</arg>
<arg>verify=False</arg>
<doc>Create Session: create a HTTP session to a server</doc>
<status status="PASS" start="2025-10-31T09:44:26.884870" elapsed="0.000375"/>
</kw>
<status status="PASS" start="2025-10-31T09:44:26.884317" elapsed="0.001008"/>
</kw>
<kw name="Update User" owner="keywords">
<kw name="Create Dictionary" owner="BuiltIn">
<msg time="2025-10-31T09:44:26.886158" level="INFO">${body} = {'name': 'Deekshith', 'job': 'Engineer'}</msg>
<var>${body}</var>
<arg>name=${name}</arg>
<arg>job=${job}</arg>
<doc>Creates and returns a dictionary based on the given ``items``.</doc>
<status status="PASS" start="2025-10-31T09:44:26.885838" elapsed="0.000345"/>
</kw>
<kw name="PUT On Session" owner="RequestsLibrary">
<msg time="2025-10-31T09:44:27.181948" level="INFO">PUT Request : url=https://reqres.in/api/users/2 
 path_url=/api/users/2 
 headers={'User-Agent': 'python-requests/2.32.5', 'Accept-Encoding': 'gzip, deflate', 'Accept': '*/*', 'Connection': 'keep-alive', 'Content-Length': '40', 'Content-Type': 'application/json'} 
 body=b'{"name": "Deekshith", "job": "Engineer"}' 
 </msg>
<msg time="2025-10-31T09:44:27.182094" level="INFO">PUT Response : url=https://reqres.in/api/users/2 
 status=401, reason=Unauthorized 
 headers={'Date': 'Fri, 31 Oct 2025 09:44:27 GMT', 'Content-Type': 'application/json; charset=utf-8', 'Content-Length': '27', 'Connection': 'keep-alive', 'Access-Control-Allow-Credentials': 'true', 'Access-Control-Allow-Headers': 'Origin, X-Requested-With, Content-Type, Accept, Authorization, x-api-key', 'Access-Control-Allow-Methods': 'GET, POST, PUT, DELETE, OPTIONS', 'Access-Control-Allow-Origin': 'http://localhost:5173', 'Etag': 'W/"1b-FQ1mIOMgD7jlZN53VsiSdXzsYTY"', 'Nel': '{"report_to":"heroku-nel","response_headers":["Via"],"max_age":3600,"success_fraction":0.01,"failure_fraction":0.1}', 'Ratelimit-Limit': '100', 'Ratelimit-Policy': '100;w=60', 'Ratelimit-Remaining': '95', 'Ratelimit-Reset': '199', 'Referrer-Policy': 'strict-origin-when-cross-origin', 'Report-To': '{"group":"heroku-nel","endpoints":[{"url":"https://nel.heroku.com/reports?s=JmuXxDX9H2g1oHRmF4RhjGTOI6%2FYYeTT3ThsSi688No%3D\\u0026sid=c4c9725f-1ab0-44d8-820f-430df2718e11\\u0026ts=1761903867"}],"max_age":3600}', 'Reporting-Endpoints': 'heroku-nel="https://nel.heroku.com/reports?s=JmuXxDX9H2g1oHRmF4RhjGTOI6%2FYYeTT3ThsSi688No%3D&amp;sid=c4c9725f-1ab0-44d8-820f-430df2718e11&amp;ts=1761903867"', 'Server': 'cloudflare', 'Vary': 'Origin, accept-encoding', 'Via': '1.1 heroku-router', 'X-Content-Type-Options': 'nosniff', 'X-Frame-Options': 'DENY', 'X-Request-Id': 'c3b4e0e7-d8d1-16c6-587a-b5e7473591c9', 'X-Xss-Protection': '1; mode=block', 'cf-cache-status': 'DYNAMIC', 'CF-RAY': '997236c05e97b13b-BOM'} 
 body={"error":"Missing API key"} 
 </msg>
<msg time="2025-10-31T09:44:27.182168" level="INFO">/workspaces/Assessment_Decentro/.venv/lib/python3.12/site-packages/urllib3/connectionpool.py:1097: InsecureRequestWarning: Unverified HTTPS request is being made to host 'reqres.in'. Adding certificate verification is strongly advised. See: https://urllib3.readthedocs.io/en/latest/advanced-usage.html#tls-warnings
  warnings.warn(</msg>
<msg time="2025-10-31T09:44:27.182336" level="INFO">${response} = &lt;Response [401]&gt;</msg>
<var>${response}</var>
<arg>reqres</arg>
<arg>users/${user_id}</arg>
<arg>json=${body}</arg>
<arg>expected_status=any</arg>
<doc>Sends a PUT request on a previously created HTTP Session.</doc>
<status status="PASS" start="2025-10-31T09:44:26.886268" elapsed="0.296105"/>
</kw>
<kw name="Log To Console" owner="BuiltIn">
<arg>Status Code: ${response.status_code}</arg>
<doc>Logs the given message to the console.</doc>
<status status="PASS" start="2025-10-31T09:44:27.182537" elapsed="0.000532"/>
</kw>
<return>
<value>${response}</value>
<status status="PASS" start="2025-10-31T09:44:27.183143" elapsed="0.000053"/>
</return>
<msg time="2025-10-31T09:44:27.183332" level="INFO">${resp} = &lt;Response [401]&gt;</msg>
<var>${resp}</var>
<arg>2</arg>
<arg>Deekshith</arg>
<arg>Engineer</arg>
<status status="PASS" start="2025-10-31T09:44:26.885550" elapsed="0.297805"/>
</kw>
<kw name="Log To Console" owner="BuiltIn">
<arg>Status Code: ${resp.status_code}</arg>
<doc>Logs the given message to the console.</doc>
<status status="PASS" start="2025-10-31T09:44:27.183525" elapsed="0.000402"/>
</kw>
<kw name="Should Be True" owner="BuiltIn">
<arg>${resp.status_code} == 200 or ${resp.status_code} == 401</arg>
<doc>Fails if the given condition is not true.</doc>
<status status="PASS" start="2025-10-31T09:44:27.184079" elapsed="0.000833"/>
</kw>
<status status="PASS" start="2025-10-31T09:44:26.883659" elapsed="0.301422"/>
</test>
<test id="s1-t2" name="Update User With Invalid ID" line="12">
<kw name="Initialize Reqres Session" owner="keywords">
<kw name="Create Session" owner="RequestsLibrary">
<msg time="2025-10-31T09:44:27.186070" level="INFO">Creating Session using : alias=reqres, url=https://reqres.in/api, headers={},                     cookies={}, auth=None, timeout=None, proxies=None, verify=False,                     debug=0 </msg>
<arg>reqres</arg>
<arg>${BASE_URL}</arg>
<arg>verify=False</arg>
<doc>Create Session: create a HTTP session to a server</doc>
<status status="PASS" start="2025-10-31T09:44:27.185910" elapsed="0.000289"/>
</kw>
<status status="PASS" start="2025-10-31T09:44:27.185707" elapsed="0.000546"/>
</kw>
<kw name="Update User" owner="keywords">
<kw name="Create Dictionary" owner="BuiltIn">
<msg time="2025-10-31T09:44:27.186928" level="INFO">${body} = {'name': 'John', 'job': 'QA'}</msg>
<var>${body}</var>
<arg>name=${name}</arg>
<arg>job=${job}</arg>
<doc>Creates and returns a dictionary based on the given ``items``.</doc>
<status status="PASS" start="2025-10-31T09:44:27.186709" elapsed="0.000242"/>
</kw>
<kw name="PUT On Session" owner="RequestsLibrary">
<msg time="2025-10-31T09:44:27.493293" level="INFO">PUT Request : url=https://reqres.in/api/users/9999 
 path_url=/api/users/9999 
 headers={'User-Agent': 'python-requests/2.32.5', 'Accept-Encoding': 'gzip, deflate', 'Accept': '*/*', 'Connection': 'keep-alive', 'Content-Length': '29', 'Content-Type': 'application/json'} 
 body=b'{"name": "John", "job": "QA"}' 
 </msg>
<msg time="2025-10-31T09:44:27.493415" level="INFO">PUT Response : url=https://reqres.in/api/users/9999 
 status=401, reason=Unauthorized 
 headers={'Date': 'Fri, 31 Oct 2025 09:44:27 GMT', 'Content-Type': 'application/json; charset=utf-8', 'Content-Length': '27', 'Connection': 'keep-alive', 'Access-Control-Allow-Credentials': 'true', 'Access-Control-Allow-Headers': 'Origin, X-Requested-With, Content-Type, Accept, Authorization, x-api-key', 'Access-Control-Allow-Methods': 'GET, POST, PUT, DELETE, OPTIONS', 'Access-Control-Allow-Origin': 'http://localhost:5173', 'Etag': 'W/"1b-FQ1mIOMgD7jlZN53VsiSdXzsYTY"', 'Nel': '{"report_to":"heroku-nel","response_headers":["Via"],"max_age":3600,"success_fraction":0.01,"failure_fraction":0.1}', 'Ratelimit-Limit': '100', 'Ratelimit-Policy': '100;w=60', 'Ratelimit-Remaining': '94', 'Ratelimit-Reset': '198', 'Referrer-Policy': 'strict-origin-when-cross-origin', 'Report-To': '{"group":"heroku-nel","endpoints":[{"url":"https://nel.heroku.com/reports?s=JmuXxDX9H2g1oHRmF4RhjGTOI6%2FYYeTT3ThsSi688No%3D\\u0026sid=c4c9725f-1ab0-44d8-820f-430df2718e11\\u0026ts=1761903867"}],"max_age":3600}', 'Reporting-Endpoints': 'heroku-nel="https://nel.heroku.com/reports?s=JmuXxDX9H2g1oHRmF4RhjGTOI6%2FYYeTT3ThsSi688No%3D&amp;sid=c4c9725f-1ab0-44d8-820f-430df2718e11&amp;ts=1761903867"', 'Server': 'cloudflare', 'Vary': 'Origin, accept-encoding', 'Via': '1.1 heroku-router', 'X-Content-Type-Options': 'nosniff', 'X-Frame-Options': 'DENY', 'X-Request-Id': '21a8e3c2-a420-80c4-8d9b-db4380fd7484', 'X-Xss-Protection': '1; mode=block', 'cf-cache-status': 'DYNAMIC', 'CF-RAY': '997236c2381a859b-BOM'} 
 body={"error":"Missing API key"} 
 </msg>
<msg time="2025-10-31T09:44:27.493605" level="INFO">/workspaces/Assessment_Decentro/.venv/lib/python3.12/site-packages/urllib3/connectionpool.py:1097: InsecureRequestWarning: Unverified HTTPS request is being made to host 'reqres.in'. Adding certificate verification is strongly advised. See: https://urllib3.readthedocs.io/en/latest/advanced-usage.html#tls-warnings
  warnings.warn(</msg>
<msg time="2025-10-31T09:44:27.493810" level="INFO">${response} = &lt;Response [401]&gt;</msg>
<var>${response}</var>
<arg>reqres</arg>
<arg>users/${user_id}</arg>
<arg>json=${body}</arg>
<arg>expected_status=any</arg>
<doc>Sends a PUT request on a previously created HTTP Session.</doc>
<status status="PASS" start="2025-10-31T09:44:27.187031" elapsed="0.306816"/>
</kw>
<kw name="Log To Console" owner="BuiltIn">
<arg>Status Code: ${response.status_code}</arg>
<doc>Logs the given message to the console.</doc>
<status status="PASS" start="2025-10-31T09:44:27.494057" elapsed="0.000470"/>
</kw>
<return>
<value>${response}</value>
<status status="PASS" start="2025-10-31T09:44:27.494600" elapsed="0.000074"/>
</return>
<msg time="2025-10-31T09:44:27.494809" level="INFO">${resp} = &lt;Response [401]&gt;</msg>
<var>${resp}</var>
<arg>9999</arg>
<arg>John</arg>
<arg>QA</arg>
<status status="PASS" start="2025-10-31T09:44:27.186447" elapsed="0.308384"/>
</kw>
<kw name="Log To Console" owner="BuiltIn">
<arg>Status Code: ${resp.status_code}</arg>
<doc>Logs the given message to the console.</doc>
<status status="PASS" start="2025-10-31T09:44:27.494992" elapsed="0.000362"/>
</kw>
<kw name="Should Be True" owner="BuiltIn">
<arg>${resp.status_code} == 200 or ${resp.status_code} == 401</arg>
<doc>Fails if the given condition is not true.</doc>
<status status="PASS" start="2025-10-31T09:44:27.495514" elapsed="0.000861"/>
</kw>
<status status="PASS" start="2025-10-31T09:44:27.185357" elapsed="0.311188"/>
</test>
<status status="PASS" start="2025-10-31T09:44:26.804580" elapsed="0.692427"/>
</suite>
<statistics>
<total>
<stat pass="2" fail="0" skip="0">All Tests</stat>
</total>
<tag>
</tag>
<suite>
<stat name="Put User Test" id="s1" pass="2" fail="0" skip="0">Put User Test</stat>
</suite>
</statistics>
<errors>
</errors>
</robot>
